# JRE version: Java(TM) SE Runtime Environment (8.0_271-b09) (build 1.8.0_271-b09)
# Java VM: Java HotSpot(TM) 64-Bit Server VM (25.271-b09 mixed mode windows-amd64 compressed oops)
Heap:
 PSYoungGen      total 37888K, used 8539K [0x00000000d6700000, 0x00000000d9100000, 0x0000000100000000)
  eden space 32768K, 10% used [0x00000000d6700000,0x00000000d6a5ac08,0x00000000d8700000)
  from space 5120K, 99% used [0x00000000d8c00000,0x00000000d90fc1e8,0x00000000d9100000)
  to   space 5120K, 0% used [0x00000000d8700000,0x00000000d8700000,0x00000000d8c00000)
 ParOldGen       total 86016K, used 44839K [0x0000000083400000, 0x0000000088800000, 0x00000000d6700000)
  object space 86016K, 52% used [0x0000000083400000,0x0000000085fc9f38,0x0000000088800000)
 Metaspace       used 12552K, capacity 12774K, committed 13056K, reserved 1060864K
  class space    used 1654K, capacity 1749K, committed 1792K, reserved 1048576K
GC Heap History (4 events):
Event: 0.352 GC heap before
{Heap before GC invocations=1 (full 0):
 PSYoungGen      total 37888K, used 32768K [0x00000000d6700000, 0x00000000d9100000, 0x0000000100000000)
  eden space 32768K, 100% used [0x00000000d6700000,0x00000000d8700000,0x00000000d8700000)
  from space 5120K, 0% used [0x00000000d8c00000,0x00000000d8c00000,0x00000000d9100000)
  to   space 5120K, 0% used [0x00000000d8700000,0x00000000d8700000,0x00000000d8c00000)
 ParOldGen       total 86016K, used 40727K [0x0000000083400000, 0x0000000088800000, 0x00000000d6700000)
  object space 86016K, 47% used [0x0000000083400000,0x0000000085bc5f10,0x0000000088800000)
 Metaspace       used 7236K, capacity 7418K, committed 7680K, reserved 1056768K
  class space    used 847K, capacity 935K, committed 1024K, reserved 1048576K
Event: 0.353 GC heap after
Heap after GC invocations=1 (full 0):
 PSYoungGen      total 37888K, used 1264K [0x00000000d6700000, 0x00000000d9100000, 0x0000000100000000)
  eden space 32768K, 0% used [0x00000000d6700000,0x00000000d6700000,0x00000000d8700000)
  from space 5120K, 24% used [0x00000000d8700000,0x00000000d883c010,0x00000000d8c00000)
  to   space 5120K, 0% used [0x00000000d8c00000,0x00000000d8c00000,0x00000000d9100000)
 ParOldGen       total 86016K, used 40735K [0x0000000083400000, 0x0000000088800000, 0x00000000d6700000)
  object space 86016K, 47% used [0x0000000083400000,0x0000000085bc7f10,0x0000000088800000)
 Metaspace       used 7236K, capacity 7418K, committed 7680K, reserved 1056768K
  class space    used 847K, capacity 935K, committed 1024K, reserved 1048576K
}
Event: 0.977 GC heap before
{Heap before GC invocations=2 (full 0):
 PSYoungGen      total 37888K, used 34032K [0x00000000d6700000, 0x00000000d9100000, 0x0000000100000000)
  eden space 32768K, 100% used [0x00000000d6700000,0x00000000d8700000,0x00000000d8700000)
  from space 5120K, 24% used [0x00000000d8700000,0x00000000d883c010,0x00000000d8c00000)
  to   space 5120K, 0% used [0x00000000d8c00000,0x00000000d8c00000,0x00000000d9100000)
 ParOldGen       total 86016K, used 40735K [0x0000000083400000, 0x0000000088800000, 0x00000000d6700000)
  object space 86016K, 47% used [0x0000000083400000,0x0000000085bc7f10,0x0000000088800000)
 Metaspace       used 12179K, capacity 12364K, committed 12544K, reserved 1060864K
  class space    used 1606K, capacity 1678K, committed 1792K, reserved 1048576K
Event: 0.983 GC heap after
Heap after GC invocations=2 (full 0):
 PSYoungGen      total 37888K, used 5104K [0x00000000d6700000, 0x00000000d9100000, 0x0000000100000000)
  eden space 32768K, 0% used [0x00000000d6700000,0x00000000d6700000,0x00000000d8700000)
  from space 5120K, 99% used [0x00000000d8c00000,0x00000000d90fc1e8,0x00000000d9100000)
  to   space 5120K, 0% used [0x00000000d8700000,0x00000000d8700000,0x00000000d8c00000)
 ParOldGen       total 86016K, used 44839K [0x0000000083400000, 0x0000000088800000, 0x00000000d6700000)
  object space 86016K, 52% used [0x0000000083400000,0x0000000085fc9f38,0x0000000088800000)
 Metaspace       used 12179K, capacity 12364K, committed 12544K, reserved 1060864K
  class space    used 1606K, capacity 1678K, committed 1792K, reserved 1048576K
}

