# JRE version: Java(TM) SE Runtime Environment (8.0_271-b09) (build 1.8.0_271-b09)
# Java VM: Java HotSpot(TM) 64-Bit Server VM (25.271-b09 mixed mode windows-amd64 compressed oops)
Heap:
 PSYoungGen      total 70656K, used 55819K [0x00000000d6700000, 0x00000000e0600000, 0x0000000100000000)
  eden space 65536K, 85% used [0x00000000d6700000,0x00000000d9d82fe8,0x00000000da700000)
  from space 5120K, 0% used [0x00000000da700000,0x00000000da700000,0x00000000dac00000)
  to   space 39424K, 0% used [0x00000000ddf80000,0x00000000ddf80000,0x00000000e0600000)
 ParOldGen       total 313344K, used 158711K [0x0000000083400000, 0x0000000096600000, 0x00000000d6700000)
  object space 313344K, 50% used [0x0000000083400000,0x000000008cefdef0,0x0000000096600000)
 Metaspace       used 21114K, capacity 21432K, committed 21760K, reserved 1069056K
  class space    used 2605K, capacity 2708K, committed 2816K, reserved 1048576K
GC Heap History (10 events):
Event: 1.813 GC heap before
{Heap before GC invocations=4 (full 1):
 PSYoungGen      total 37888K, used 5111K [0x00000000d6700000, 0x00000000db100000, 0x0000000100000000)
  eden space 32768K, 0% used [0x00000000d6700000,0x00000000d6700000,0x00000000d8700000)
  from space 5120K, 99% used [0x00000000d8700000,0x00000000d8bfdec0,0x00000000d8c00000)
  to   space 5120K, 0% used [0x00000000dac00000,0x00000000dac00000,0x00000000db100000)
 ParOldGen       total 86016K, used 70436K [0x0000000083400000, 0x0000000088800000, 0x00000000d6700000)
  object space 86016K, 81% used [0x0000000083400000,0x00000000878c9170,0x0000000088800000)
 Metaspace       used 17099K, capacity 17352K, committed 17664K, reserved 1064960K
  class space    used 2120K, capacity 2208K, committed 2304K, reserved 1048576K
Event: 1.832 GC heap after
Heap after GC invocations=4 (full 1):
 PSYoungGen      total 37888K, used 0K [0x00000000d6700000, 0x00000000db100000, 0x0000000100000000)
  eden space 32768K, 0% used [0x00000000d6700000,0x00000000d6700000,0x00000000d8700000)
  from space 5120K, 0% used [0x00000000d8700000,0x00000000d8700000,0x00000000d8c00000)
  to   space 5120K, 0% used [0x00000000dac00000,0x00000000dac00000,0x00000000db100000)
 ParOldGen       total 126464K, used 44858K [0x0000000083400000, 0x000000008af80000, 0x00000000d6700000)
  object space 126464K, 35% used [0x0000000083400000,0x0000000085fceb98,0x000000008af80000)
 Metaspace       used 17099K, capacity 17352K, committed 17664K, reserved 1064960K
  class space    used 2120K, capacity 2208K, committed 2304K, reserved 1048576K
}
Event: 2.234 GC heap before
{Heap before GC invocations=5 (full 1):
 PSYoungGen      total 37888K, used 31850K [0x00000000d6700000, 0x00000000db100000, 0x0000000100000000)
  eden space 32768K, 97% used [0x00000000d6700000,0x00000000d861abd8,0x00000000d8700000)
  from space 5120K, 0% used [0x00000000d8700000,0x00000000d8700000,0x00000000d8c00000)
  to   space 5120K, 0% used [0x00000000dac00000,0x00000000dac00000,0x00000000db100000)
 ParOldGen       total 126464K, used 44858K [0x0000000083400000, 0x000000008af80000, 0x00000000d6700000)
  object space 126464K, 35% used [0x0000000083400000,0x0000000085fceb98,0x000000008af80000)
 Metaspace       used 18372K, capacity 18664K, committed 18816K, reserved 1064960K
  class space    used 2311K, capacity 2404K, committed 2432K, reserved 1048576K
Event: 2.239 GC heap after
Heap after GC invocations=5 (full 1):
 PSYoungGen      total 56320K, used 5107K [0x00000000d6700000, 0x00000000db100000, 0x0000000100000000)
  eden space 51200K, 0% used [0x00000000d6700000,0x00000000d6700000,0x00000000d9900000)
  from space 5120K, 99% used [0x00000000dac00000,0x00000000db0fccf0,0x00000000db100000)
  to   space 5120K, 0% used [0x00000000da700000,0x00000000da700000,0x00000000dac00000)
 ParOldGen       total 126464K, used 65330K [0x0000000083400000, 0x000000008af80000, 0x00000000d6700000)
  object space 126464K, 51% used [0x0000000083400000,0x00000000873cc858,0x000000008af80000)
 Metaspace       used 18372K, capacity 18664K, committed 18816K, reserved 1064960K
  class space    used 2311K, capacity 2404K, committed 2432K, reserved 1048576K
}
Event: 2.590 GC heap before
{Heap before GC invocations=6 (full 1):
 PSYoungGen      total 56320K, used 56307K [0x00000000d6700000, 0x00000000db100000, 0x0000000100000000)
  eden space 51200K, 100% used [0x00000000d6700000,0x00000000d9900000,0x00000000d9900000)
  from space 5120K, 99% used [0x00000000dac00000,0x00000000db0fccf0,0x00000000db100000)
  to   space 5120K, 0% used [0x00000000da700000,0x00000000da700000,0x00000000dac00000)
 ParOldGen       total 126464K, used 65330K [0x0000000083400000, 0x000000008af80000, 0x00000000d6700000)
  object space 126464K, 51% used [0x0000000083400000,0x00000000873cc858,0x000000008af80000)
 Metaspace       used 18612K, capacity 18888K, committed 19200K, reserved 1067008K
  class space    used 2325K, capacity 2436K, committed 2560K, reserved 1048576K
Event: 2.602 GC heap after
Heap after GC invocations=6 (full 1):
 PSYoungGen      total 70656K, used 4822K [0x00000000d6700000, 0x00000000e0600000, 0x0000000100000000)
  eden space 65536K, 0% used [0x00000000d6700000,0x00000000d6700000,0x00000000da700000)
  from space 5120K, 94% used [0x00000000da700000,0x00000000dabb5a20,0x00000000dac00000)
  to   space 39424K, 0% used [0x00000000ddf80000,0x00000000ddf80000,0x00000000e0600000)
 ParOldGen       total 126464K, used 117790K [0x0000000083400000, 0x000000008af80000, 0x00000000d6700000)
  object space 126464K, 93% used [0x0000000083400000,0x000000008a707a98,0x000000008af80000)
 Metaspace       used 18612K, capacity 18888K, committed 19200K, reserved 1067008K
  class space    used 2325K, capacity 2436K, committed 2560K, reserved 1048576K
}
Event: 2.602 GC heap before
{Heap before GC invocations=7 (full 2):
 PSYoungGen      total 70656K, used 4822K [0x00000000d6700000, 0x00000000e0600000, 0x0000000100000000)
  eden space 65536K, 0% used [0x00000000d6700000,0x00000000d6700000,0x00000000da700000)
  from space 5120K, 94% used [0x00000000da700000,0x00000000dabb5a20,0x00000000dac00000)
  to   space 39424K, 0% used [0x00000000ddf80000,0x00000000ddf80000,0x00000000e0600000)
 ParOldGen       total 126464K, used 117790K [0x0000000083400000, 0x000000008af80000, 0x00000000d6700000)
  object space 126464K, 93% used [0x0000000083400000,0x000000008a707a98,0x000000008af80000)
 Metaspace       used 18612K, capacity 18888K, committed 19200K, reserved 1067008K
  class space    used 2325K, capacity 2436K, committed 2560K, reserved 1048576K
Event: 2.617 GC heap after
Heap after GC invocations=7 (full 2):
 PSYoungGen      total 70656K, used 0K [0x00000000d6700000, 0x00000000e0600000, 0x0000000100000000)
  eden space 65536K, 0% used [0x00000000d6700000,0x00000000d6700000,0x00000000da700000)
  from space 5120K, 0% used [0x00000000da700000,0x00000000da700000,0x00000000dac00000)
  to   space 39424K, 0% used [0x00000000ddf80000,0x00000000ddf80000,0x00000000e0600000)
 ParOldGen       total 199680K, used 74756K [0x0000000083400000, 0x000000008f700000, 0x00000000d6700000)
  object space 199680K, 37% used [0x0000000083400000,0x0000000087d01088,0x000000008f700000)
 Metaspace       used 18612K, capacity 18888K, committed 19200K, reserved 1067008K
  class space    used 2325K, capacity 2436K, committed 2560K, reserved 1048576K
}
Event: 3.090 GC heap before
{Heap before GC invocations=8 (full 3):
 PSYoungGen      total 70656K, used 65536K [0x00000000d6700000, 0x00000000e0600000, 0x0000000100000000)
  eden space 65536K, 100% used [0x00000000d6700000,0x00000000da700000,0x00000000da700000)
  from space 5120K, 0% used [0x00000000da700000,0x00000000da700000,0x00000000dac00000)
  to   space 39424K, 0% used [0x00000000ddf80000,0x00000000ddf80000,0x00000000e0600000)
 ParOldGen       total 199680K, used 158203K [0x0000000083400000, 0x000000008f700000, 0x00000000d6700000)
  object space 199680K, 79% used [0x0000000083400000,0x000000008ce7ecb8,0x000000008f700000)
 Metaspace       used 18874K, capacity 19198K, committed 19456K, reserved 1067008K
  class space    used 2364K, capacity 2479K, committed 2560K, reserved 1048576K
Event: 3.139 GC heap after
Heap after GC invocations=8 (full 3):
 PSYoungGen      total 70656K, used 0K [0x00000000d6700000, 0x00000000e0600000, 0x0000000100000000)
  eden space 65536K, 0% used [0x00000000d6700000,0x00000000d6700000,0x00000000da700000)
  from space 5120K, 0% used [0x00000000da700000,0x00000000da700000,0x00000000dac00000)
  to   space 39424K, 0% used [0x00000000ddf80000,0x00000000ddf80000,0x00000000e0600000)
 ParOldGen       total 313344K, used 158711K [0x0000000083400000, 0x0000000096600000, 0x00000000d6700000)
  object space 313344K, 50% used [0x0000000083400000,0x000000008cefdef0,0x0000000096600000)
 Metaspace       used 18874K, capacity 19198K, committed 19456K, reserved 1067008K
  class space    used 2364K, capacity 2479K, committed 2560K, reserved 1048576K
}

