# JRE version: Java(TM) SE Runtime Environment (8.0_271-b09) (build 1.8.0_271-b09)
# Java VM: Java HotSpot(TM) 64-Bit Server VM (25.271-b09 mixed mode windows-amd64 compressed oops)
Heap:
 PSYoungGen      total 37888K, used 1607K [0x00000000d6700000, 0x00000000d9100000, 0x0000000100000000)
  eden space 32768K, 4% used [0x00000000d6700000,0x00000000d6891e50,0x00000000d8700000)
  from space 5120K, 0% used [0x00000000d8c00000,0x00000000d8c00000,0x00000000d9100000)
  to   space 5120K, 0% used [0x00000000d8700000,0x00000000d8700000,0x00000000d8c00000)
 ParOldGen       total 86016K, used 15869K [0x0000000083400000, 0x0000000088800000, 0x00000000d6700000)
  object space 86016K, 18% used [0x0000000083400000,0x000000008437f5b0,0x0000000088800000)
 Metaspace       used 13928K, capacity 14226K, committed 14336K, reserved 1069056K
  class space    used 1679K, capacity 1789K, committed 1792K, reserved 1048576K
GC Heap History (6 events):
Event: 0.568 GC heap before
{Heap before GC invocations=1 (full 0):
 PSYoungGen      total 37888K, used 32768K [0x00000000d6700000, 0x00000000d9100000, 0x0000000100000000)
  eden space 32768K, 100% used [0x00000000d6700000,0x00000000d8700000,0x00000000d8700000)
  from space 5120K, 0% used [0x00000000d8c00000,0x00000000d8c00000,0x00000000d9100000)
  to   space 5120K, 0% used [0x00000000d8700000,0x00000000d8700000,0x00000000d8c00000)
 ParOldGen       total 86016K, used 0K [0x0000000083400000, 0x0000000088800000, 0x00000000d6700000)
  object space 86016K, 0% used [0x0000000083400000,0x0000000083400000,0x0000000088800000)
 Metaspace       used 10165K, capacity 10374K, committed 10624K, reserved 1058816K
  class space    used 1262K, capacity 1323K, committed 1408K, reserved 1048576K
Event: 0.574 GC heap after
Heap after GC invocations=1 (full 0):
 PSYoungGen      total 37888K, used 5110K [0x00000000d6700000, 0x00000000d9100000, 0x0000000100000000)
  eden space 32768K, 0% used [0x00000000d6700000,0x00000000d6700000,0x00000000d8700000)
  from space 5120K, 99% used [0x00000000d8700000,0x00000000d8bfd9b0,0x00000000d8c00000)
  to   space 5120K, 0% used [0x00000000d8c00000,0x00000000d8c00000,0x00000000d9100000)
 ParOldGen       total 86016K, used 21938K [0x0000000083400000, 0x0000000088800000, 0x00000000d6700000)
  object space 86016K, 25% used [0x0000000083400000,0x000000008496cb10,0x0000000088800000)
 Metaspace       used 10165K, capacity 10374K, committed 10624K, reserved 1058816K
  class space    used 1262K, capacity 1323K, committed 1408K, reserved 1048576K
}
Event: 1.010 GC heap before
{Heap before GC invocations=2 (full 0):
 PSYoungGen      total 37888K, used 25280K [0x00000000d6700000, 0x00000000d9100000, 0x0000000100000000)
  eden space 32768K, 61% used [0x00000000d6700000,0x00000000d7ab29e8,0x00000000d8700000)
  from space 5120K, 99% used [0x00000000d8700000,0x00000000d8bfd9b0,0x00000000d8c00000)
  to   space 5120K, 0% used [0x00000000d8c00000,0x00000000d8c00000,0x00000000d9100000)
 ParOldGen       total 86016K, used 21938K [0x0000000083400000, 0x0000000088800000, 0x00000000d6700000)
  object space 86016K, 25% used [0x0000000083400000,0x000000008496cb10,0x0000000088800000)
 Metaspace       used 13157K, capacity 13394K, committed 13440K, reserved 1069056K
  class space    used 1569K, capacity 1661K, committed 1664K, reserved 1048576K
Event: 1.014 GC heap after
Heap after GC invocations=2 (full 0):
 PSYoungGen      total 37888K, used 5106K [0x00000000d6700000, 0x00000000d9100000, 0x0000000100000000)
  eden space 32768K, 0% used [0x00000000d6700000,0x00000000d6700000,0x00000000d8700000)
  from space 5120K, 99% used [0x00000000d8c00000,0x00000000d90fcae8,0x00000000d9100000)
  to   space 5120K, 0% used [0x00000000d8700000,0x00000000d8700000,0x00000000d8c00000)
 ParOldGen       total 86016K, used 23409K [0x0000000083400000, 0x0000000088800000, 0x00000000d6700000)
  object space 86016K, 27% used [0x0000000083400000,0x0000000084adc628,0x0000000088800000)
 Metaspace       used 13157K, capacity 13394K, committed 13440K, reserved 1069056K
  class space    used 1569K, capacity 1661K, committed 1664K, reserved 1048576K
}
Event: 1.014 GC heap before
{Heap before GC invocations=3 (full 1):
 PSYoungGen      total 37888K, used 5106K [0x00000000d6700000, 0x00000000d9100000, 0x0000000100000000)
  eden space 32768K, 0% used [0x00000000d6700000,0x00000000d6700000,0x00000000d8700000)
  from space 5120K, 99% used [0x00000000d8c00000,0x00000000d90fcae8,0x00000000d9100000)
  to   space 5120K, 0% used [0x00000000d8700000,0x00000000d8700000,0x00000000d8c00000)
 ParOldGen       total 86016K, used 23409K [0x0000000083400000, 0x0000000088800000, 0x00000000d6700000)
  object space 86016K, 27% used [0x0000000083400000,0x0000000084adc628,0x0000000088800000)
 Metaspace       used 13157K, capacity 13394K, committed 13440K, reserved 1069056K
  class space    used 1569K, capacity 1661K, committed 1664K, reserved 1048576K
Event: 1.027 GC heap after
Heap after GC invocations=3 (full 1):
 PSYoungGen      total 37888K, used 0K [0x00000000d6700000, 0x00000000d9100000, 0x0000000100000000)
  eden space 32768K, 0% used [0x00000000d6700000,0x00000000d6700000,0x00000000d8700000)
  from space 5120K, 0% used [0x00000000d8c00000,0x00000000d8c00000,0x00000000d9100000)
  to   space 5120K, 0% used [0x00000000d8700000,0x00000000d8700000,0x00000000d8c00000)
 ParOldGen       total 86016K, used 15869K [0x0000000083400000, 0x0000000088800000, 0x00000000d6700000)
  object space 86016K, 18% used [0x0000000083400000,0x000000008437f5b0,0x0000000088800000)
 Metaspace       used 13157K, capacity 13394K, committed 13440K, reserved 1067008K
  class space    used 1569K, capacity 1661K, committed 1664K, reserved 1048576K
}

