# JRE version: Java(TM) SE Runtime Environment (8.0_271-b09) (build 1.8.0_271-b09)
# Java VM: Java HotSpot(TM) 64-Bit Server VM (25.271-b09 mixed mode windows-amd64 compressed oops)
Heap:
 PSYoungGen      total 37888K, used 9011K [0x00000000d6700000, 0x00000000d9100000, 0x0000000100000000)
  eden space 32768K, 11% used [0x00000000d6700000,0x00000000d6ad4a30,0x00000000d8700000)
  from space 5120K, 99% used [0x00000000d8c00000,0x00000000d90f8218,0x00000000d9100000)
  to   space 5120K, 0% used [0x00000000d8700000,0x00000000d8700000,0x00000000d8c00000)
 ParOldGen       total 86016K, used 41628K [0x0000000083400000, 0x0000000088800000, 0x00000000d6700000)
  object space 86016K, 48% used [0x0000000083400000,0x0000000085ca72e0,0x0000000088800000)
 Metaspace       used 12810K, capacity 13030K, committed 13312K, reserved 1060864K
  class space    used 1674K, capacity 1749K, committed 1792K, reserved 1048576K
GC Heap History (4 events):
Event: 0.283 GC heap before
{Heap before GC invocations=1 (full 0):
 PSYoungGen      total 37888K, used 32768K [0x00000000d6700000, 0x00000000d9100000, 0x0000000100000000)
  eden space 32768K, 100% used [0x00000000d6700000,0x00000000d8700000,0x00000000d8700000)
  from space 5120K, 0% used [0x00000000d8c00000,0x00000000d8c00000,0x00000000d9100000)
  to   space 5120K, 0% used [0x00000000d8700000,0x00000000d8700000,0x00000000d8c00000)
 ParOldGen       total 86016K, used 40727K [0x0000000083400000, 0x0000000088800000, 0x00000000d6700000)
  object space 86016K, 47% used [0x0000000083400000,0x0000000085bc5f10,0x0000000088800000)
 Metaspace       used 7233K, capacity 7418K, committed 7680K, reserved 1056768K
  class space    used 847K, capacity 935K, committed 1024K, reserved 1048576K
Event: 0.284 GC heap after
Heap after GC invocations=1 (full 0):
 PSYoungGen      total 37888K, used 1248K [0x00000000d6700000, 0x00000000d9100000, 0x0000000100000000)
  eden space 32768K, 0% used [0x00000000d6700000,0x00000000d6700000,0x00000000d8700000)
  from space 5120K, 24% used [0x00000000d8700000,0x00000000d8838000,0x00000000d8c00000)
  to   space 5120K, 0% used [0x00000000d8c00000,0x00000000d8c00000,0x00000000d9100000)
 ParOldGen       total 86016K, used 40735K [0x0000000083400000, 0x0000000088800000, 0x00000000d6700000)
  object space 86016K, 47% used [0x0000000083400000,0x0000000085bc7f10,0x0000000088800000)
 Metaspace       used 7233K, capacity 7418K, committed 7680K, reserved 1056768K
  class space    used 847K, capacity 935K, committed 1024K, reserved 1048576K
}
Event: 0.999 GC heap before
{Heap before GC invocations=2 (full 0):
 PSYoungGen      total 37888K, used 34016K [0x00000000d6700000, 0x00000000d9100000, 0x0000000100000000)
  eden space 32768K, 100% used [0x00000000d6700000,0x00000000d8700000,0x00000000d8700000)
  from space 5120K, 24% used [0x00000000d8700000,0x00000000d8838000,0x00000000d8c00000)
  to   space 5120K, 0% used [0x00000000d8c00000,0x00000000d8c00000,0x00000000d9100000)
 ParOldGen       total 86016K, used 40735K [0x0000000083400000, 0x0000000088800000, 0x00000000d6700000)
  object space 86016K, 47% used [0x0000000083400000,0x0000000085bc7f10,0x0000000088800000)
 Metaspace       used 12193K, capacity 12364K, committed 12544K, reserved 1060864K
  class space    used 1608K, capacity 1678K, committed 1792K, reserved 1048576K
Event: 1.005 GC heap after
Heap after GC invocations=2 (full 0):
 PSYoungGen      total 37888K, used 5088K [0x00000000d6700000, 0x00000000d9100000, 0x0000000100000000)
  eden space 32768K, 0% used [0x00000000d6700000,0x00000000d6700000,0x00000000d8700000)
  from space 5120K, 99% used [0x00000000d8c00000,0x00000000d90f8218,0x00000000d9100000)
  to   space 5120K, 0% used [0x00000000d8700000,0x00000000d8700000,0x00000000d8c00000)
 ParOldGen       total 86016K, used 41628K [0x0000000083400000, 0x0000000088800000, 0x00000000d6700000)
  object space 86016K, 48% used [0x0000000083400000,0x0000000085ca72e0,0x0000000088800000)
 Metaspace       used 12193K, capacity 12364K, committed 12544K, reserved 1060864K
  class space    used 1608K, capacity 1678K, committed 1792K, reserved 1048576K
}

