# JRE version: Java(TM) SE Runtime Environment (8.0_271-b09) (build 1.8.0_271-b09)
# Java VM: Java HotSpot(TM) 64-Bit Server VM (25.271-b09 mixed mode windows-amd64 compressed oops)
Heap:
 PSYoungGen      total 70656K, used 46844K [0x00000000d6700000, 0x00000000e0600000, 0x0000000100000000)
  eden space 65536K, 71% used [0x00000000d6700000,0x00000000d94bf100,0x00000000da700000)
  from space 5120K, 0% used [0x00000000da700000,0x00000000da700000,0x00000000dac00000)
  to   space 36864K, 0% used [0x00000000de200000,0x00000000de200000,0x00000000e0600000)
 ParOldGen       total 299008K, used 158711K [0x0000000083400000, 0x0000000095800000, 0x00000000d6700000)
  object space 299008K, 53% used [0x0000000083400000,0x000000008cefdd58,0x0000000095800000)
 Metaspace       used 19965K, capacity 20202K, committed 20608K, reserved 1067008K
  class space    used 2495K, capacity 2577K, committed 2688K, reserved 1048576K
GC Heap History (10 events):
Event: 1.350 GC heap before
{Heap before GC invocations=4 (full 1):
 PSYoungGen      total 37888K, used 5111K [0x00000000d6700000, 0x00000000db100000, 0x0000000100000000)
  eden space 32768K, 0% used [0x00000000d6700000,0x00000000d6700000,0x00000000d8700000)
  from space 5120K, 99% used [0x00000000d8700000,0x00000000d8bfdea0,0x00000000d8c00000)
  to   space 5120K, 0% used [0x00000000dac00000,0x00000000dac00000,0x00000000db100000)
 ParOldGen       total 86016K, used 70647K [0x0000000083400000, 0x0000000088800000, 0x00000000d6700000)
  object space 86016K, 82% used [0x0000000083400000,0x00000000878fde10,0x0000000088800000)
 Metaspace       used 17097K, capacity 17352K, committed 17664K, reserved 1064960K
  class space    used 2120K, capacity 2208K, committed 2304K, reserved 1048576K
Event: 1.366 GC heap after
Heap after GC invocations=4 (full 1):
 PSYoungGen      total 37888K, used 0K [0x00000000d6700000, 0x00000000db100000, 0x0000000100000000)
  eden space 32768K, 0% used [0x00000000d6700000,0x00000000d6700000,0x00000000d8700000)
  from space 5120K, 0% used [0x00000000d8700000,0x00000000d8700000,0x00000000d8c00000)
  to   space 5120K, 0% used [0x00000000dac00000,0x00000000dac00000,0x00000000db100000)
 ParOldGen       total 124416K, used 44859K [0x0000000083400000, 0x000000008ad80000, 0x00000000d6700000)
  object space 124416K, 36% used [0x0000000083400000,0x0000000085fceda0,0x000000008ad80000)
 Metaspace       used 17097K, capacity 17352K, committed 17664K, reserved 1064960K
  class space    used 2120K, capacity 2208K, committed 2304K, reserved 1048576K
}
Event: 1.674 GC heap before
{Heap before GC invocations=5 (full 1):
 PSYoungGen      total 37888K, used 32005K [0x00000000d6700000, 0x00000000db100000, 0x0000000100000000)
  eden space 32768K, 97% used [0x00000000d6700000,0x00000000d8641568,0x00000000d8700000)
  from space 5120K, 0% used [0x00000000d8700000,0x00000000d8700000,0x00000000d8c00000)
  to   space 5120K, 0% used [0x00000000dac00000,0x00000000dac00000,0x00000000db100000)
 ParOldGen       total 124416K, used 44859K [0x0000000083400000, 0x000000008ad80000, 0x00000000d6700000)
  object space 124416K, 36% used [0x0000000083400000,0x0000000085fceda0,0x000000008ad80000)
 Metaspace       used 18365K, capacity 18664K, committed 18816K, reserved 1064960K
  class space    used 2311K, capacity 2404K, committed 2432K, reserved 1048576K
Event: 1.678 GC heap after
Heap after GC invocations=5 (full 1):
 PSYoungGen      total 57856K, used 5114K [0x00000000d6700000, 0x00000000db100000, 0x0000000100000000)
  eden space 52736K, 0% used [0x00000000d6700000,0x00000000d6700000,0x00000000d9a80000)
  from space 5120K, 99% used [0x00000000dac00000,0x00000000db0fe940,0x00000000db100000)
  to   space 5120K, 0% used [0x00000000da700000,0x00000000da700000,0x00000000dac00000)
 ParOldGen       total 124416K, used 61647K [0x0000000083400000, 0x000000008ad80000, 0x00000000d6700000)
  object space 124416K, 49% used [0x0000000083400000,0x0000000087033e70,0x000000008ad80000)
 Metaspace       used 18365K, capacity 18664K, committed 18816K, reserved 1064960K
  class space    used 2311K, capacity 2404K, committed 2432K, reserved 1048576K
}
Event: 1.969 GC heap before
{Heap before GC invocations=6 (full 1):
 PSYoungGen      total 57856K, used 57850K [0x00000000d6700000, 0x00000000db100000, 0x0000000100000000)
  eden space 52736K, 100% used [0x00000000d6700000,0x00000000d9a80000,0x00000000d9a80000)
  from space 5120K, 99% used [0x00000000dac00000,0x00000000db0fe940,0x00000000db100000)
  to   space 5120K, 0% used [0x00000000da700000,0x00000000da700000,0x00000000dac00000)
 ParOldGen       total 124416K, used 61647K [0x0000000083400000, 0x000000008ad80000, 0x00000000d6700000)
  object space 124416K, 49% used [0x0000000083400000,0x0000000087033e70,0x000000008ad80000)
 Metaspace       used 18602K, capacity 18888K, committed 19200K, reserved 1067008K
  class space    used 2325K, capacity 2436K, committed 2560K, reserved 1048576K
Event: 1.983 GC heap after
Heap after GC invocations=6 (full 1):
 PSYoungGen      total 70656K, used 4862K [0x00000000d6700000, 0x00000000e0600000, 0x0000000100000000)
  eden space 65536K, 0% used [0x00000000d6700000,0x00000000d6700000,0x00000000da700000)
  from space 5120K, 94% used [0x00000000da700000,0x00000000dabbfb70,0x00000000dac00000)
  to   space 36864K, 0% used [0x00000000de200000,0x00000000de200000,0x00000000e0600000)
 ParOldGen       total 124416K, used 111591K [0x0000000083400000, 0x000000008ad80000, 0x00000000d6700000)
  object space 124416K, 89% used [0x0000000083400000,0x000000008a0f9d70,0x000000008ad80000)
 Metaspace       used 18602K, capacity 18888K, committed 19200K, reserved 1067008K
  class space    used 2325K, capacity 2436K, committed 2560K, reserved 1048576K
}
Event: 1.983 GC heap before
{Heap before GC invocations=7 (full 2):
 PSYoungGen      total 70656K, used 4862K [0x00000000d6700000, 0x00000000e0600000, 0x0000000100000000)
  eden space 65536K, 0% used [0x00000000d6700000,0x00000000d6700000,0x00000000da700000)
  from space 5120K, 94% used [0x00000000da700000,0x00000000dabbfb70,0x00000000dac00000)
  to   space 36864K, 0% used [0x00000000de200000,0x00000000de200000,0x00000000e0600000)
 ParOldGen       total 124416K, used 111591K [0x0000000083400000, 0x000000008ad80000, 0x00000000d6700000)
  object space 124416K, 89% used [0x0000000083400000,0x000000008a0f9d70,0x000000008ad80000)
 Metaspace       used 18602K, capacity 18888K, committed 19200K, reserved 1067008K
  class space    used 2325K, capacity 2436K, committed 2560K, reserved 1048576K
Event: 1.996 GC heap after
Heap after GC invocations=7 (full 2):
 PSYoungGen      total 70656K, used 0K [0x00000000d6700000, 0x00000000e0600000, 0x0000000100000000)
  eden space 65536K, 0% used [0x00000000d6700000,0x00000000d6700000,0x00000000da700000)
  from space 5120K, 0% used [0x00000000da700000,0x00000000da700000,0x00000000dac00000)
  to   space 36864K, 0% used [0x00000000de200000,0x00000000de200000,0x00000000e0600000)
 ParOldGen       total 189952K, used 74706K [0x0000000083400000, 0x000000008ed80000, 0x00000000d6700000)
  object space 189952K, 39% used [0x0000000083400000,0x0000000087cf49d0,0x000000008ed80000)
 Metaspace       used 18602K, capacity 18888K, committed 19200K, reserved 1067008K
  class space    used 2325K, capacity 2436K, committed 2560K, reserved 1048576K
}
Event: 2.381 GC heap before
{Heap before GC invocations=8 (full 3):
 PSYoungGen      total 70656K, used 65536K [0x00000000d6700000, 0x00000000e0600000, 0x0000000100000000)
  eden space 65536K, 100% used [0x00000000d6700000,0x00000000da700000,0x00000000da700000)
  from space 5120K, 0% used [0x00000000da700000,0x00000000da700000,0x00000000dac00000)
  to   space 36864K, 0% used [0x00000000de200000,0x00000000de200000,0x00000000e0600000)
 ParOldGen       total 189952K, used 158153K [0x0000000083400000, 0x000000008ed80000, 0x00000000d6700000)
  object space 189952K, 83% used [0x0000000083400000,0x000000008ce72600,0x000000008ed80000)
 Metaspace       used 18863K, capacity 19134K, committed 19456K, reserved 1067008K
  class space    used 2364K, capacity 2479K, committed 2560K, reserved 1048576K
Event: 2.425 GC heap after
Heap after GC invocations=8 (full 3):
 PSYoungGen      total 70656K, used 0K [0x00000000d6700000, 0x00000000e0600000, 0x0000000100000000)
  eden space 65536K, 0% used [0x00000000d6700000,0x00000000d6700000,0x00000000da700000)
  from space 5120K, 0% used [0x00000000da700000,0x00000000da700000,0x00000000dac00000)
  to   space 36864K, 0% used [0x00000000de200000,0x00000000de200000,0x00000000e0600000)
 ParOldGen       total 299008K, used 158711K [0x0000000083400000, 0x0000000095800000, 0x00000000d6700000)
  object space 299008K, 53% used [0x0000000083400000,0x000000008cefdd58,0x0000000095800000)
 Metaspace       used 18863K, capacity 19134K, committed 19456K, reserved 1067008K
  class space    used 2364K, capacity 2479K, committed 2560K, reserved 1048576K
}

