# JRE version: Java(TM) SE Runtime Environment (8.0_271-b09) (build 1.8.0_271-b09)
# Java VM: Java HotSpot(TM) 64-Bit Server VM (25.271-b09 mixed mode windows-amd64 compressed oops)
Heap:
 PSYoungGen      total 70656K, used 62101K [0x00000000d6700000, 0x00000000db100000, 0x0000000100000000)
  eden space 65536K, 94% used [0x00000000d6700000,0x00000000da3a55f8,0x00000000da700000)
  from space 5120K, 0% used [0x00000000dac00000,0x00000000dac00000,0x00000000db100000)
  to   space 5120K, 0% used [0x00000000da700000,0x00000000da700000,0x00000000dac00000)
 ParOldGen       total 86016K, used 69352K [0x0000000083400000, 0x0000000088800000, 0x00000000d6700000)
  object space 86016K, 80% used [0x0000000083400000,0x00000000877ba060,0x0000000088800000)
 Metaspace       used 20879K, capacity 21180K, committed 21376K, reserved 1069056K
  class space    used 2594K, capacity 2668K, committed 2688K, reserved 1048576K
GC Heap History (10 events):
Event: 4.176 GC heap before
{Heap before GC invocations=14 (full 10):
 PSYoungGen      total 70656K, used 65536K [0x00000000d6700000, 0x00000000db100000, 0x0000000100000000)
  eden space 65536K, 100% used [0x00000000d6700000,0x00000000da700000,0x00000000da700000)
  from space 5120K, 0% used [0x00000000dac00000,0x00000000dac00000,0x00000000db100000)
  to   space 5120K, 0% used [0x00000000da700000,0x00000000da700000,0x00000000dac00000)
 ParOldGen       total 86016K, used 69421K [0x0000000083400000, 0x0000000088800000, 0x00000000d6700000)
  object space 86016K, 80% used [0x0000000083400000,0x00000000877cb548,0x0000000088800000)
 Metaspace       used 18926K, capacity 19192K, committed 19712K, reserved 1067008K
  class space    used 2367K, capacity 2456K, committed 2560K, reserved 1048576K
Event: 4.190 GC heap after
Heap after GC invocations=14 (full 10):
 PSYoungGen      total 70656K, used 40728K [0x00000000d6700000, 0x00000000db100000, 0x0000000100000000)
  eden space 65536K, 62% used [0x00000000d6700000,0x00000000d8ec6060,0x00000000da700000)
  from space 5120K, 0% used [0x00000000dac00000,0x00000000dac00000,0x00000000db100000)
  to   space 5120K, 0% used [0x00000000da700000,0x00000000da700000,0x00000000dac00000)
 ParOldGen       total 86016K, used 69414K [0x0000000083400000, 0x0000000088800000, 0x00000000d6700000)
  object space 86016K, 80% used [0x0000000083400000,0x00000000877c9840,0x0000000088800000)
 Metaspace       used 18926K, capacity 19192K, committed 19712K, reserved 1067008K
  class space    used 2367K, capacity 2456K, committed 2560K, reserved 1048576K
}
Event: 4.758 GC heap before
{Heap before GC invocations=15 (full 11):
 PSYoungGen      total 70656K, used 65536K [0x00000000d6700000, 0x00000000db100000, 0x0000000100000000)
  eden space 65536K, 100% used [0x00000000d6700000,0x00000000da700000,0x00000000da700000)
  from space 5120K, 0% used [0x00000000dac00000,0x00000000dac00000,0x00000000db100000)
  to   space 5120K, 0% used [0x00000000da700000,0x00000000da700000,0x00000000dac00000)
 ParOldGen       total 86016K, used 69414K [0x0000000083400000, 0x0000000088800000, 0x00000000d6700000)
  object space 86016K, 80% used [0x0000000083400000,0x00000000877c9840,0x0000000088800000)
 Metaspace       used 18950K, capacity 19192K, committed 19712K, reserved 1067008K
  class space    used 2367K, capacity 2456K, committed 2560K, reserved 1048576K
Event: 4.780 GC heap after
Heap after GC invocations=15 (full 11):
 PSYoungGen      total 70656K, used 43535K [0x00000000d6700000, 0x00000000db100000, 0x0000000100000000)
  eden space 65536K, 66% used [0x00000000d6700000,0x00000000d9183fe8,0x00000000da700000)
  from space 5120K, 0% used [0x00000000dac00000,0x00000000dac00000,0x00000000db100000)
  to   space 5120K, 0% used [0x00000000da700000,0x00000000da700000,0x00000000dac00000)
 ParOldGen       total 86016K, used 69393K [0x0000000083400000, 0x0000000088800000, 0x00000000d6700000)
  object space 86016K, 80% used [0x0000000083400000,0x00000000877c4428,0x0000000088800000)
 Metaspace       used 18950K, capacity 19192K, committed 19712K, reserved 1067008K
  class space    used 2367K, capacity 2456K, committed 2560K, reserved 1048576K
}
Event: 5.027 GC heap before
{Heap before GC invocations=16 (full 12):
 PSYoungGen      total 70656K, used 65536K [0x00000000d6700000, 0x00000000db100000, 0x0000000100000000)
  eden space 65536K, 100% used [0x00000000d6700000,0x00000000da700000,0x00000000da700000)
  from space 5120K, 0% used [0x00000000dac00000,0x00000000dac00000,0x00000000db100000)
  to   space 5120K, 0% used [0x00000000da700000,0x00000000da700000,0x00000000dac00000)
 ParOldGen       total 86016K, used 69393K [0x0000000083400000, 0x0000000088800000, 0x00000000d6700000)
  object space 86016K, 80% used [0x0000000083400000,0x00000000877c4428,0x0000000088800000)
 Metaspace       used 19304K, capacity 19568K, committed 19968K, reserved 1067008K
  class space    used 2418K, capacity 2500K, committed 2560K, reserved 1048576K
Event: 5.069 GC heap after
Heap after GC invocations=16 (full 12):
 PSYoungGen      total 70656K, used 52003K [0x00000000d6700000, 0x00000000db100000, 0x0000000100000000)
  eden space 65536K, 79% used [0x00000000d6700000,0x00000000d99c8ce0,0x00000000da700000)
  from space 5120K, 0% used [0x00000000dac00000,0x00000000dac00000,0x00000000db100000)
  to   space 5120K, 0% used [0x00000000da700000,0x00000000da700000,0x00000000dac00000)
 ParOldGen       total 86016K, used 69387K [0x0000000083400000, 0x0000000088800000, 0x00000000d6700000)
  object space 86016K, 80% used [0x0000000083400000,0x00000000877c2d28,0x0000000088800000)
 Metaspace       used 19304K, capacity 19568K, committed 19968K, reserved 1067008K
  class space    used 2418K, capacity 2500K, committed 2560K, reserved 1048576K
}
Event: 5.142 GC heap before
{Heap before GC invocations=17 (full 13):
 PSYoungGen      total 70656K, used 65536K [0x00000000d6700000, 0x00000000db100000, 0x0000000100000000)
  eden space 65536K, 100% used [0x00000000d6700000,0x00000000da700000,0x00000000da700000)
  from space 5120K, 0% used [0x00000000dac00000,0x00000000dac00000,0x00000000db100000)
  to   space 5120K, 0% used [0x00000000da700000,0x00000000da700000,0x00000000dac00000)
 ParOldGen       total 86016K, used 69387K [0x0000000083400000, 0x0000000088800000, 0x00000000d6700000)
  object space 86016K, 80% used [0x0000000083400000,0x00000000877c2d28,0x0000000088800000)
 Metaspace       used 19350K, capacity 19580K, committed 19968K, reserved 1067008K
  class space    used 2420K, capacity 2502K, committed 2560K, reserved 1048576K
Event: 5.167 GC heap after
Heap after GC invocations=17 (full 13):
 PSYoungGen      total 70656K, used 55198K [0x00000000d6700000, 0x00000000db100000, 0x0000000100000000)
  eden space 65536K, 84% used [0x00000000d6700000,0x00000000d9ce7ae8,0x00000000da700000)
  from space 5120K, 0% used [0x00000000dac00000,0x00000000dac00000,0x00000000db100000)
  to   space 5120K, 0% used [0x00000000da700000,0x00000000da700000,0x00000000dac00000)
 ParOldGen       total 86016K, used 69387K [0x0000000083400000, 0x0000000088800000, 0x00000000d6700000)
  object space 86016K, 80% used [0x0000000083400000,0x00000000877c2ce8,0x0000000088800000)
 Metaspace       used 19350K, capacity 19580K, committed 19968K, reserved 1067008K
  class space    used 2420K, capacity 2502K, committed 2560K, reserved 1048576K
}
Event: 5.270 GC heap before
{Heap before GC invocations=18 (full 14):
 PSYoungGen      total 70656K, used 65523K [0x00000000d6700000, 0x00000000db100000, 0x0000000100000000)
  eden space 65536K, 99% used [0x00000000d6700000,0x00000000da6fcfa0,0x00000000da700000)
  from space 5120K, 0% used [0x00000000dac00000,0x00000000dac00000,0x00000000db100000)
  to   space 5120K, 0% used [0x00000000da700000,0x00000000da700000,0x00000000dac00000)
 ParOldGen       total 86016K, used 69387K [0x0000000083400000, 0x0000000088800000, 0x00000000d6700000)
  object space 86016K, 80% used [0x0000000083400000,0x00000000877c2ce8,0x0000000088800000)
 Metaspace       used 19525K, capacity 19784K, committed 20224K, reserved 1067008K
  class space    used 2424K, capacity 2504K, committed 2560K, reserved 1048576K
Event: 5.306 GC heap after
Heap after GC invocations=18 (full 14):
 PSYoungGen      total 70656K, used 56455K [0x00000000d6700000, 0x00000000db100000, 0x0000000100000000)
  eden space 65536K, 86% used [0x00000000d6700000,0x00000000d9e21d58,0x00000000da700000)
  from space 5120K, 0% used [0x00000000dac00000,0x00000000dac00000,0x00000000db100000)
  to   space 5120K, 0% used [0x00000000da700000,0x00000000da700000,0x00000000dac00000)
 ParOldGen       total 86016K, used 69352K [0x0000000083400000, 0x0000000088800000, 0x00000000d6700000)
  object space 86016K, 80% used [0x0000000083400000,0x00000000877ba060,0x0000000088800000)
 Metaspace       used 19525K, capacity 19784K, committed 20224K, reserved 1067008K
  class space    used 2424K, capacity 2504K, committed 2560K, reserved 1048576K
}

