# JRE version: Java(TM) SE Runtime Environment (8.0_271-b09) (build 1.8.0_271-b09)
# Java VM: Java HotSpot(TM) 64-Bit Server VM (25.271-b09 mixed mode windows-amd64 compressed oops)
Heap:
 PSYoungGen      total 70656K, used 26357K [0x00000000d6700000, 0x00000000db100000, 0x0000000100000000)
  eden space 65536K, 32% used [0x00000000d6700000,0x00000000d7bbd7b0,0x00000000da700000)
  from space 5120K, 99% used [0x00000000dac00000,0x00000000db0ffd78,0x00000000db100000)
  to   space 5120K, 0% used [0x00000000da700000,0x00000000da700000,0x00000000dac00000)
 ParOldGen       total 86016K, used 38459K [0x0000000083400000, 0x0000000088800000, 0x00000000d6700000)
  object space 86016K, 44% used [0x0000000083400000,0x000000008598ecd8,0x0000000088800000)
 Metaspace       used 17915K, capacity 18142K, committed 18432K, reserved 1064960K
  class space    used 2139K, capacity 2225K, committed 2304K, reserved 1048576K
GC Heap History (4 events):
Event: 0.297 GC heap before
{Heap before GC invocations=1 (full 0):
 PSYoungGen      total 37888K, used 32744K [0x00000000d6700000, 0x00000000d9100000, 0x0000000100000000)
  eden space 32768K, 99% used [0x00000000d6700000,0x00000000d86fa1e0,0x00000000d8700000)
  from space 5120K, 0% used [0x00000000d8c00000,0x00000000d8c00000,0x00000000d9100000)
  to   space 5120K, 0% used [0x00000000d8700000,0x00000000d8700000,0x00000000d8c00000)
 ParOldGen       total 86016K, used 0K [0x0000000083400000, 0x0000000088800000, 0x00000000d6700000)
  object space 86016K, 0% used [0x0000000083400000,0x0000000083400000,0x0000000088800000)
 Metaspace       used 6418K, capacity 6634K, committed 6784K, reserved 1056768K
  class space    used 745K, capacity 830K, committed 896K, reserved 1048576K
Event: 0.303 GC heap after
Heap after GC invocations=1 (full 0):
 PSYoungGen      total 37888K, used 928K [0x00000000d6700000, 0x00000000db100000, 0x0000000100000000)
  eden space 32768K, 0% used [0x00000000d6700000,0x00000000d6700000,0x00000000d8700000)
  from space 5120K, 18% used [0x00000000d8700000,0x00000000d87e8020,0x00000000d8c00000)
  to   space 5120K, 0% used [0x00000000dac00000,0x00000000dac00000,0x00000000db100000)
 ParOldGen       total 86016K, used 31250K [0x0000000083400000, 0x0000000088800000, 0x00000000d6700000)
  object space 86016K, 36% used [0x0000000083400000,0x00000000852848f0,0x0000000088800000)
 Metaspace       used 6418K, capacity 6634K, committed 6784K, reserved 1056768K
  class space    used 745K, capacity 830K, committed 896K, reserved 1048576K
}
Event: 2.393 GC heap before
{Heap before GC invocations=2 (full 0):
 PSYoungGen      total 37888K, used 33696K [0x00000000d6700000, 0x00000000db100000, 0x0000000100000000)
  eden space 32768K, 100% used [0x00000000d6700000,0x00000000d8700000,0x00000000d8700000)
  from space 5120K, 18% used [0x00000000d8700000,0x00000000d87e8020,0x00000000d8c00000)
  to   space 5120K, 0% used [0x00000000dac00000,0x00000000dac00000,0x00000000db100000)
 ParOldGen       total 86016K, used 31250K [0x0000000083400000, 0x0000000088800000, 0x00000000d6700000)
  object space 86016K, 36% used [0x0000000083400000,0x00000000852848f0,0x0000000088800000)
 Metaspace       used 14328K, capacity 14602K, committed 14976K, reserved 1062912K
  class space    used 1709K, capacity 1821K, committed 1920K, reserved 1048576K
Event: 2.399 GC heap after
Heap after GC invocations=2 (full 0):
 PSYoungGen      total 70656K, used 5119K [0x00000000d6700000, 0x00000000db100000, 0x0000000100000000)
  eden space 65536K, 0% used [0x00000000d6700000,0x00000000d6700000,0x00000000da700000)
  from space 5120K, 99% used [0x00000000dac00000,0x00000000db0ffd78,0x00000000db100000)
  to   space 5120K, 0% used [0x00000000da700000,0x00000000da700000,0x00000000dac00000)
 ParOldGen       total 86016K, used 38459K [0x0000000083400000, 0x0000000088800000, 0x00000000d6700000)
  object space 86016K, 44% used [0x0000000083400000,0x000000008598ecd8,0x0000000088800000)
 Metaspace       used 14328K, capacity 14602K, committed 14976K, reserved 1062912K
  class space    used 1709K, capacity 1821K, committed 1920K, reserved 1048576K
}

