# JRE version: Java(TM) SE Runtime Environment (8.0_271-b09) (build 1.8.0_271-b09)
# Java VM: Java HotSpot(TM) 64-Bit Server VM (25.271-b09 mixed mode windows-amd64 compressed oops)
Heap:
 PSYoungGen      total 70656K, used 17506K [0x00000000d6700000, 0x00000000db100000, 0x0000000100000000)
  eden space 65536K, 26% used [0x00000000d6700000,0x00000000d7818bc8,0x00000000da700000)
  from space 5120K, 0% used [0x00000000dac00000,0x00000000dac00000,0x00000000db100000)
  to   space 5120K, 0% used [0x00000000da700000,0x00000000da700000,0x00000000dac00000)
 ParOldGen       total 86016K, used 66423K [0x0000000083400000, 0x0000000088800000, 0x00000000d6700000)
  object space 86016K, 77% used [0x0000000083400000,0x00000000874ddf00,0x0000000088800000)
 Metaspace       used 19421K, capacity 19656K, committed 19968K, reserved 1067008K
  class space    used 2420K, capacity 2504K, committed 2560K, reserved 1048576K
GC Heap History (10 events):
Event: 2.383 GC heap before
{Heap before GC invocations=7 (full 3):
 PSYoungGen      total 70656K, used 2328K [0x00000000d6700000, 0x00000000db100000, 0x0000000100000000)
  eden space 65536K, 3% used [0x00000000d6700000,0x00000000d69462c8,0x00000000da700000)
  from space 5120K, 0% used [0x00000000dac00000,0x00000000dac00000,0x00000000db100000)
  to   space 5120K, 0% used [0x00000000da700000,0x00000000da700000,0x00000000dac00000)
 ParOldGen       total 86016K, used 71981K [0x0000000083400000, 0x0000000088800000, 0x00000000d6700000)
  object space 86016K, 83% used [0x0000000083400000,0x0000000087a4b4f0,0x0000000088800000)
 Metaspace       used 18799K, capacity 19034K, committed 19456K, reserved 1067008K
  class space    used 2360K, capacity 2439K, committed 2560K, reserved 1048576K
Event: 2.384 GC heap after
Heap after GC invocations=7 (full 3):
 PSYoungGen      total 70656K, used 224K [0x00000000d6700000, 0x00000000db100000, 0x0000000100000000)
  eden space 65536K, 0% used [0x00000000d6700000,0x00000000d6700000,0x00000000da700000)
  from space 5120K, 4% used [0x00000000da700000,0x00000000da738000,0x00000000dac00000)
  to   space 5120K, 0% used [0x00000000dac00000,0x00000000dac00000,0x00000000db100000)
 ParOldGen       total 86016K, used 71989K [0x0000000083400000, 0x0000000088800000, 0x00000000d6700000)
  object space 86016K, 83% used [0x0000000083400000,0x0000000087a4d4f0,0x0000000088800000)
 Metaspace       used 18799K, capacity 19034K, committed 19456K, reserved 1067008K
  class space    used 2360K, capacity 2439K, committed 2560K, reserved 1048576K
}
Event: 2.384 GC heap before
{Heap before GC invocations=8 (full 4):
 PSYoungGen      total 70656K, used 224K [0x00000000d6700000, 0x00000000db100000, 0x0000000100000000)
  eden space 65536K, 0% used [0x00000000d6700000,0x00000000d6700000,0x00000000da700000)
  from space 5120K, 4% used [0x00000000da700000,0x00000000da738000,0x00000000dac00000)
  to   space 5120K, 0% used [0x00000000dac00000,0x00000000dac00000,0x00000000db100000)
 ParOldGen       total 86016K, used 71989K [0x0000000083400000, 0x0000000088800000, 0x00000000d6700000)
  object space 86016K, 83% used [0x0000000083400000,0x0000000087a4d4f0,0x0000000088800000)
 Metaspace       used 18799K, capacity 19034K, committed 19456K, reserved 1067008K
  class space    used 2360K, capacity 2439K, committed 2560K, reserved 1048576K
Event: 2.398 GC heap after
Heap after GC invocations=8 (full 4):
 PSYoungGen      total 70656K, used 0K [0x00000000d6700000, 0x00000000db100000, 0x0000000100000000)
  eden space 65536K, 0% used [0x00000000d6700000,0x00000000d6700000,0x00000000da700000)
  from space 5120K, 0% used [0x00000000da700000,0x00000000da700000,0x00000000dac00000)
  to   space 5120K, 0% used [0x00000000dac00000,0x00000000dac00000,0x00000000db100000)
 ParOldGen       total 86016K, used 71716K [0x0000000083400000, 0x0000000088800000, 0x00000000d6700000)
  object space 86016K, 83% used [0x0000000083400000,0x0000000087a093f0,0x0000000088800000)
 Metaspace       used 18799K, capacity 19034K, committed 19456K, reserved 1067008K
  class space    used 2360K, capacity 2439K, committed 2560K, reserved 1048576K
}
Event: 2.398 GC heap before
{Heap before GC invocations=9 (full 4):
 PSYoungGen      total 70656K, used 0K [0x00000000d6700000, 0x00000000db100000, 0x0000000100000000)
  eden space 65536K, 0% used [0x00000000d6700000,0x00000000d6700000,0x00000000da700000)
  from space 5120K, 0% used [0x00000000da700000,0x00000000da700000,0x00000000dac00000)
  to   space 5120K, 0% used [0x00000000dac00000,0x00000000dac00000,0x00000000db100000)
 ParOldGen       total 86016K, used 71716K [0x0000000083400000, 0x0000000088800000, 0x00000000d6700000)
  object space 86016K, 83% used [0x0000000083400000,0x0000000087a093f0,0x0000000088800000)
 Metaspace       used 18799K, capacity 19034K, committed 19456K, reserved 1067008K
  class space    used 2360K, capacity 2439K, committed 2560K, reserved 1048576K
Event: 2.399 GC heap after
Heap after GC invocations=9 (full 4):
 PSYoungGen      total 70656K, used 0K [0x00000000d6700000, 0x00000000db100000, 0x0000000100000000)
  eden space 65536K, 0% used [0x00000000d6700000,0x00000000d6700000,0x00000000da700000)
  from space 5120K, 0% used [0x00000000dac00000,0x00000000dac00000,0x00000000db100000)
  to   space 5120K, 0% used [0x00000000da700000,0x00000000da700000,0x00000000dac00000)
 ParOldGen       total 86016K, used 71716K [0x0000000083400000, 0x0000000088800000, 0x00000000d6700000)
  object space 86016K, 83% used [0x0000000083400000,0x0000000087a093f0,0x0000000088800000)
 Metaspace       used 18799K, capacity 19034K, committed 19456K, reserved 1067008K
  class space    used 2360K, capacity 2439K, committed 2560K, reserved 1048576K
}
Event: 2.399 GC heap before
{Heap before GC invocations=10 (full 5):
 PSYoungGen      total 70656K, used 0K [0x00000000d6700000, 0x00000000db100000, 0x0000000100000000)
  eden space 65536K, 0% used [0x00000000d6700000,0x00000000d6700000,0x00000000da700000)
  from space 5120K, 0% used [0x00000000dac00000,0x00000000dac00000,0x00000000db100000)
  to   space 5120K, 0% used [0x00000000da700000,0x00000000da700000,0x00000000dac00000)
 ParOldGen       total 86016K, used 71716K [0x0000000083400000, 0x0000000088800000, 0x00000000d6700000)
  object space 86016K, 83% used [0x0000000083400000,0x0000000087a093f0,0x0000000088800000)
 Metaspace       used 18799K, capacity 19034K, committed 19456K, reserved 1067008K
  class space    used 2360K, capacity 2439K, committed 2560K, reserved 1048576K
Event: 2.415 GC heap after
Heap after GC invocations=10 (full 5):
 PSYoungGen      total 70656K, used 0K [0x00000000d6700000, 0x00000000db100000, 0x0000000100000000)
  eden space 65536K, 0% used [0x00000000d6700000,0x00000000d6700000,0x00000000da700000)
  from space 5120K, 0% used [0x00000000dac00000,0x00000000dac00000,0x00000000db100000)
  to   space 5120K, 0% used [0x00000000da700000,0x00000000da700000,0x00000000dac00000)
 ParOldGen       total 86016K, used 16653K [0x0000000083400000, 0x0000000088800000, 0x00000000d6700000)
  object space 86016K, 19% used [0x0000000083400000,0x00000000844434c0,0x0000000088800000)
 Metaspace       used 18748K, capacity 18952K, committed 19456K, reserved 1067008K
  class space    used 2350K, capacity 2422K, committed 2560K, reserved 1048576K
}
Event: 3.520 GC heap before
{Heap before GC invocations=11 (full 6):
 PSYoungGen      total 70656K, used 65530K [0x00000000d6700000, 0x00000000db100000, 0x0000000100000000)
  eden space 65536K, 99% used [0x00000000d6700000,0x00000000da6fe850,0x00000000da700000)
  from space 5120K, 0% used [0x00000000dac00000,0x00000000dac00000,0x00000000db100000)
  to   space 5120K, 0% used [0x00000000da700000,0x00000000da700000,0x00000000dac00000)
 ParOldGen       total 86016K, used 57380K [0x0000000083400000, 0x0000000088800000, 0x00000000d6700000)
  object space 86016K, 66% used [0x0000000083400000,0x0000000086c093d0,0x0000000088800000)
 Metaspace       used 18917K, capacity 19188K, committed 19712K, reserved 1067008K
  class space    used 2364K, capacity 2456K, committed 2560K, reserved 1048576K
Event: 3.564 GC heap after
Heap after GC invocations=11 (full 6):
 PSYoungGen      total 70656K, used 0K [0x00000000d6700000, 0x00000000db100000, 0x0000000100000000)
  eden space 65536K, 0% used [0x00000000d6700000,0x00000000d6700000,0x00000000da700000)
  from space 5120K, 0% used [0x00000000dac00000,0x00000000dac00000,0x00000000db100000)
  to   space 5120K, 0% used [0x00000000da700000,0x00000000da700000,0x00000000dac00000)
 ParOldGen       total 86016K, used 66423K [0x0000000083400000, 0x0000000088800000, 0x00000000d6700000)
  object space 86016K, 77% used [0x0000000083400000,0x00000000874ddf00,0x0000000088800000)
 Metaspace       used 18917K, capacity 19188K, committed 19712K, reserved 1067008K
  class space    used 2364K, capacity 2456K, committed 2560K, reserved 1048576K
}

