# JRE version: Java(TM) SE Runtime Environment (8.0_271-b09) (build 1.8.0_271-b09)
# Java VM: Java HotSpot(TM) 64-Bit Server VM (25.271-b09 mixed mode windows-amd64 compressed oops)
Heap:
 PSYoungGen      total 37888K, used 31127K [0x00000000d6700000, 0x00000000d9100000, 0x0000000100000000)
  eden space 32768K, 94% used [0x00000000d6700000,0x00000000d8565f68,0x00000000d8700000)
  from space 5120K, 0% used [0x00000000d8700000,0x00000000d8700000,0x00000000d8c00000)
  to   space 5120K, 0% used [0x00000000d8c00000,0x00000000d8c00000,0x00000000d9100000)
 ParOldGen       total 86016K, used 58670K [0x0000000083400000, 0x0000000088800000, 0x00000000d6700000)
  object space 86016K, 68% used [0x0000000083400000,0x0000000086d4b9b0,0x0000000088800000)
 Metaspace       used 11625K, capacity 11884K, committed 12160K, reserved 1060864K
  class space    used 1559K, capacity 1646K, committed 1664K, reserved 1048576K
GC Heap History (4 events):
Event: 0.321 GC heap before
{Heap before GC invocations=1 (full 0):
 PSYoungGen      total 37888K, used 32768K [0x00000000d6700000, 0x00000000d9100000, 0x0000000100000000)
  eden space 32768K, 100% used [0x00000000d6700000,0x00000000d8700000,0x00000000d8700000)
  from space 5120K, 0% used [0x00000000d8c00000,0x00000000d8c00000,0x00000000d9100000)
  to   space 5120K, 0% used [0x00000000d8700000,0x00000000d8700000,0x00000000d8c00000)
 ParOldGen       total 86016K, used 0K [0x0000000083400000, 0x0000000088800000, 0x00000000d6700000)
  object space 86016K, 0% used [0x0000000083400000,0x0000000083400000,0x0000000088800000)
 Metaspace       used 7464K, capacity 7674K, committed 7936K, reserved 1056768K
  class space    used 928K, capacity 999K, committed 1024K, reserved 1048576K
Event: 0.332 GC heap after
Heap after GC invocations=1 (full 0):
 PSYoungGen      total 37888K, used 4301K [0x00000000d6700000, 0x00000000d9100000, 0x0000000100000000)
  eden space 32768K, 0% used [0x00000000d6700000,0x00000000d6700000,0x00000000d8700000)
  from space 5120K, 84% used [0x00000000d8700000,0x00000000d8b33620,0x00000000d8c00000)
  to   space 5120K, 0% used [0x00000000d8c00000,0x00000000d8c00000,0x00000000d9100000)
 ParOldGen       total 86016K, used 36968K [0x0000000083400000, 0x0000000088800000, 0x00000000d6700000)
  object space 86016K, 42% used [0x0000000083400000,0x000000008581a110,0x0000000088800000)
 Metaspace       used 7464K, capacity 7674K, committed 7936K, reserved 1056768K
  class space    used 928K, capacity 999K, committed 1024K, reserved 1048576K
}
Event: 0.675 GC heap before
{Heap before GC invocations=2 (full 1):
 PSYoungGen      total 37888K, used 37069K [0x00000000d6700000, 0x00000000d9100000, 0x0000000100000000)
  eden space 32768K, 100% used [0x00000000d6700000,0x00000000d8700000,0x00000000d8700000)
  from space 5120K, 84% used [0x00000000d8700000,0x00000000d8b33620,0x00000000d8c00000)
  to   space 5120K, 0% used [0x00000000d8c00000,0x00000000d8c00000,0x00000000d9100000)
 ParOldGen       total 86016K, used 77696K [0x0000000083400000, 0x0000000088800000, 0x00000000d6700000)
  object space 86016K, 90% used [0x0000000083400000,0x0000000087fe0020,0x0000000088800000)
 Metaspace       used 11542K, capacity 11756K, committed 11904K, reserved 1058816K
  class space    used 1558K, capacity 1646K, committed 1664K, reserved 1048576K
Event: 0.697 GC heap after
Heap after GC invocations=2 (full 1):
 PSYoungGen      total 37888K, used 0K [0x00000000d6700000, 0x00000000d9100000, 0x0000000100000000)
  eden space 32768K, 0% used [0x00000000d6700000,0x00000000d6700000,0x00000000d8700000)
  from space 5120K, 0% used [0x00000000d8700000,0x00000000d8700000,0x00000000d8c00000)
  to   space 5120K, 0% used [0x00000000d8c00000,0x00000000d8c00000,0x00000000d9100000)
 ParOldGen       total 86016K, used 58670K [0x0000000083400000, 0x0000000088800000, 0x00000000d6700000)
  object space 86016K, 68% used [0x0000000083400000,0x0000000086d4b9b0,0x0000000088800000)
 Metaspace       used 11542K, capacity 11756K, committed 11904K, reserved 1058816K
  class space    used 1558K, capacity 1646K, committed 1664K, reserved 1048576K
}

