# JRE version: Java(TM) SE Runtime Environment (8.0_271-b09) (build 1.8.0_271-b09)
# Java VM: Java HotSpot(TM) 64-Bit Server VM (25.271-b09 mixed mode windows-amd64 compressed oops)
Heap:
 PSYoungGen      total 37888K, used 27947K [0x00000000d6700000, 0x00000000d9100000, 0x0000000100000000)
  eden space 32768K, 85% used [0x00000000d6700000,0x00000000d824af90,0x00000000d8700000)
  from space 5120K, 0% used [0x00000000d8700000,0x00000000d8700000,0x00000000d8c00000)
  to   space 5120K, 0% used [0x00000000d8c00000,0x00000000d8c00000,0x00000000d9100000)
 ParOldGen       total 86016K, used 24678K [0x0000000083400000, 0x0000000088800000, 0x00000000d6700000)
  object space 86016K, 28% used [0x0000000083400000,0x0000000084c19900,0x0000000088800000)
 Metaspace       used 7291K, capacity 7482K, committed 7680K, reserved 1056768K
  class space    used 859K, capacity 935K, committed 1024K, reserved 1048576K
GC Heap History (4 events):
Event: 0.280 GC heap before
{Heap before GC invocations=1 (full 0):
 PSYoungGen      total 37888K, used 32768K [0x00000000d6700000, 0x00000000d9100000, 0x0000000100000000)
  eden space 32768K, 100% used [0x00000000d6700000,0x00000000d8700000,0x00000000d8700000)
  from space 5120K, 0% used [0x00000000d8c00000,0x00000000d8c00000,0x00000000d9100000)
  to   space 5120K, 0% used [0x00000000d8700000,0x00000000d8700000,0x00000000d8c00000)
 ParOldGen       total 86016K, used 0K [0x0000000083400000, 0x0000000088800000, 0x00000000d6700000)
  object space 86016K, 0% used [0x0000000083400000,0x0000000083400000,0x0000000088800000)
 Metaspace       used 7261K, capacity 7482K, committed 7680K, reserved 1056768K
  class space    used 857K, capacity 935K, committed 1024K, reserved 1048576K
Event: 0.300 GC heap after
Heap after GC invocations=1 (full 0):
 PSYoungGen      total 37888K, used 1280K [0x00000000d6700000, 0x00000000d9100000, 0x0000000100000000)
  eden space 32768K, 0% used [0x00000000d6700000,0x00000000d6700000,0x00000000d8700000)
  from space 5120K, 25% used [0x00000000d8700000,0x00000000d8840000,0x00000000d8c00000)
  to   space 5120K, 0% used [0x00000000d8c00000,0x00000000d8c00000,0x00000000d9100000)
 ParOldGen       total 86016K, used 70285K [0x0000000083400000, 0x0000000088800000, 0x00000000d6700000)
  object space 86016K, 81% used [0x0000000083400000,0x00000000878a3590,0x0000000088800000)
 Metaspace       used 7261K, capacity 7482K, committed 7680K, reserved 1056768K
  class space    used 857K, capacity 935K, committed 1024K, reserved 1048576K
}
Event: 0.300 GC heap before
{Heap before GC invocations=2 (full 1):
 PSYoungGen      total 37888K, used 1280K [0x00000000d6700000, 0x00000000d9100000, 0x0000000100000000)
  eden space 32768K, 0% used [0x00000000d6700000,0x00000000d6700000,0x00000000d8700000)
  from space 5120K, 25% used [0x00000000d8700000,0x00000000d8840000,0x00000000d8c00000)
  to   space 5120K, 0% used [0x00000000d8c00000,0x00000000d8c00000,0x00000000d9100000)
 ParOldGen       total 86016K, used 70285K [0x0000000083400000, 0x0000000088800000, 0x00000000d6700000)
  object space 86016K, 81% used [0x0000000083400000,0x00000000878a3590,0x0000000088800000)
 Metaspace       used 7261K, capacity 7482K, committed 7680K, reserved 1056768K
  class space    used 857K, capacity 935K, committed 1024K, reserved 1048576K
Event: 0.308 GC heap after
Heap after GC invocations=2 (full 1):
 PSYoungGen      total 37888K, used 0K [0x00000000d6700000, 0x00000000d9100000, 0x0000000100000000)
  eden space 32768K, 0% used [0x00000000d6700000,0x00000000d6700000,0x00000000d8700000)
  from space 5120K, 0% used [0x00000000d8700000,0x00000000d8700000,0x00000000d8c00000)
  to   space 5120K, 0% used [0x00000000d8c00000,0x00000000d8c00000,0x00000000d9100000)
 ParOldGen       total 86016K, used 24678K [0x0000000083400000, 0x0000000088800000, 0x00000000d6700000)
  object space 86016K, 28% used [0x0000000083400000,0x0000000084c19900,0x0000000088800000)
 Metaspace       used 7261K, capacity 7482K, committed 7680K, reserved 1056768K
  class space    used 857K, capacity 935K, committed 1024K, reserved 1048576K
}

