# JRE version: Java(TM) SE Runtime Environment (8.0_271-b09) (build 1.8.0_271-b09)
# Java VM: Java HotSpot(TM) 64-Bit Server VM (25.271-b09 mixed mode windows-amd64 compressed oops)
Heap:
 PSYoungGen      total 37888K, used 5261K [0x00000000d6700000, 0x00000000d9100000, 0x0000000100000000)
  eden space 32768K, 15% used [0x00000000d6700000,0x00000000d6c03670,0x00000000d8700000)
  from space 5120K, 2% used [0x00000000d8700000,0x00000000d871ffb8,0x00000000d8c00000)
  to   space 5120K, 0% used [0x00000000d8c00000,0x00000000d8c00000,0x00000000d9100000)
 ParOldGen       total 86016K, used 85982K [0x0000000083400000, 0x0000000088800000, 0x00000000d6700000)
  object space 86016K, 99% used [0x0000000083400000,0x00000000887f7ad8,0x0000000088800000)
 Metaspace       used 8318K, capacity 8470K, committed 8832K, reserved 1056768K
  class space    used 947K, capacity 1031K, committed 1152K, reserved 1048576K
GC Heap History (4 events):
Event: 0.534 GC heap before
{Heap before GC invocations=1 (full 0):
 PSYoungGen      total 37888K, used 32763K [0x00000000d6700000, 0x00000000d9100000, 0x0000000100000000)
  eden space 32768K, 99% used [0x00000000d6700000,0x00000000d86fed70,0x00000000d8700000)
  from space 5120K, 0% used [0x00000000d8c00000,0x00000000d8c00000,0x00000000d9100000)
  to   space 5120K, 0% used [0x00000000d8700000,0x00000000d8700000,0x00000000d8c00000)
 ParOldGen       total 86016K, used 83447K [0x0000000083400000, 0x0000000088800000, 0x00000000d6700000)
  object space 86016K, 97% used [0x0000000083400000,0x000000008857dc30,0x0000000088800000)
 Metaspace       used 8317K, capacity 8470K, committed 8832K, reserved 1056768K
  class space    used 947K, capacity 1031K, committed 1152K, reserved 1048576K
Event: 0.536 GC heap after
Heap after GC invocations=1 (full 0):
 PSYoungGen      total 37888K, used 2784K [0x00000000d6700000, 0x00000000d9100000, 0x0000000100000000)
  eden space 32768K, 0% used [0x00000000d6700000,0x00000000d6700000,0x00000000d8700000)
  from space 5120K, 54% used [0x00000000d8700000,0x00000000d89b8020,0x00000000d8c00000)
  to   space 5120K, 0% used [0x00000000d8c00000,0x00000000d8c00000,0x00000000d9100000)
 ParOldGen       total 86016K, used 83482K [0x0000000083400000, 0x0000000088800000, 0x00000000d6700000)
  object space 86016K, 97% used [0x0000000083400000,0x0000000088586860,0x0000000088800000)
 Metaspace       used 8317K, capacity 8470K, committed 8832K, reserved 1056768K
  class space    used 947K, capacity 1031K, committed 1152K, reserved 1048576K
}
Event: 0.536 GC heap before
{Heap before GC invocations=2 (full 1):
 PSYoungGen      total 37888K, used 2784K [0x00000000d6700000, 0x00000000d9100000, 0x0000000100000000)
  eden space 32768K, 0% used [0x00000000d6700000,0x00000000d6700000,0x00000000d8700000)
  from space 5120K, 54% used [0x00000000d8700000,0x00000000d89b8020,0x00000000d8c00000)
  to   space 5120K, 0% used [0x00000000d8c00000,0x00000000d8c00000,0x00000000d9100000)
 ParOldGen       total 86016K, used 83482K [0x0000000083400000, 0x0000000088800000, 0x00000000d6700000)
  object space 86016K, 97% used [0x0000000083400000,0x0000000088586860,0x0000000088800000)
 Metaspace       used 8317K, capacity 8470K, committed 8832K, reserved 1056768K
  class space    used 947K, capacity 1031K, committed 1152K, reserved 1048576K
Event: 0.546 GC heap after
Heap after GC invocations=2 (full 1):
 PSYoungGen      total 37888K, used 127K [0x00000000d6700000, 0x00000000d9100000, 0x0000000100000000)
  eden space 32768K, 0% used [0x00000000d6700000,0x00000000d6700000,0x00000000d8700000)
  from space 5120K, 2% used [0x00000000d8700000,0x00000000d871ffb8,0x00000000d8c00000)
  to   space 5120K, 0% used [0x00000000d8c00000,0x00000000d8c00000,0x00000000d9100000)
 ParOldGen       total 86016K, used 85982K [0x0000000083400000, 0x0000000088800000, 0x00000000d6700000)
  object space 86016K, 99% used [0x0000000083400000,0x00000000887f7ad8,0x0000000088800000)
 Metaspace       used 8317K, capacity 8470K, committed 8832K, reserved 1056768K
  class space    used 947K, capacity 1031K, committed 1152K, reserved 1048576K
}

