# JRE version: Java(TM) SE Runtime Environment (8.0_271-b09) (build 1.8.0_271-b09)
# Java VM: Java HotSpot(TM) 64-Bit Server VM (25.271-b09 mixed mode windows-amd64 compressed oops)
Heap:
 PSYoungGen      total 37888K, used 5096K [0x00000000d6700000, 0x00000000d9100000, 0x0000000100000000)
  eden space 32768K, 0% used [0x00000000d6700000,0x00000000d6700000,0x00000000d8700000)
  from space 5120K, 99% used [0x00000000d8c00000,0x00000000d90fa2f0,0x00000000d9100000)
  to   space 5120K, 0% used [0x00000000d8700000,0x00000000d8700000,0x00000000d8c00000)
 ParOldGen       total 86016K, used 51601K [0x0000000083400000, 0x0000000088800000, 0x00000000d6700000)
  object space 86016K, 59% used [0x0000000083400000,0x0000000086664650,0x0000000088800000)
 Metaspace       used 12910K, capacity 13158K, committed 13312K, reserved 1064960K
  class space    used 1559K, capacity 1691K, committed 1792K, reserved 1048576K
GC Heap History (3 events):
Event: 0.359 GC heap before
{Heap before GC invocations=1 (full 0):
 PSYoungGen      total 37888K, used 32768K [0x00000000d6700000, 0x00000000d9100000, 0x0000000100000000)
  eden space 32768K, 100% used [0x00000000d6700000,0x00000000d8700000,0x00000000d8700000)
  from space 5120K, 0% used [0x00000000d8c00000,0x00000000d8c00000,0x00000000d9100000)
  to   space 5120K, 0% used [0x00000000d8700000,0x00000000d8700000,0x00000000d8c00000)
 ParOldGen       total 86016K, used 0K [0x0000000083400000, 0x0000000088800000, 0x00000000d6700000)
  object space 86016K, 0% used [0x0000000083400000,0x0000000083400000,0x0000000088800000)
 Metaspace       used 7588K, capacity 7758K, committed 8064K, reserved 1056768K
  class space    used 963K, capacity 1031K, committed 1152K, reserved 1048576K
Event: 0.367 GC heap after
Heap after GC invocations=1 (full 0):
 PSYoungGen      total 37888K, used 4349K [0x00000000d6700000, 0x00000000d9100000, 0x0000000100000000)
  eden space 32768K, 0% used [0x00000000d6700000,0x00000000d6700000,0x00000000d8700000)
  from space 5120K, 84% used [0x00000000d8700000,0x00000000d8b3f610,0x00000000d8c00000)
  to   space 5120K, 0% used [0x00000000d8c00000,0x00000000d8c00000,0x00000000d9100000)
 ParOldGen       total 86016K, used 40424K [0x0000000083400000, 0x0000000088800000, 0x00000000d6700000)
  object space 86016K, 46% used [0x0000000083400000,0x0000000085b7a230,0x0000000088800000)
 Metaspace       used 7588K, capacity 7758K, committed 8064K, reserved 1056768K
  class space    used 963K, capacity 1031K, committed 1152K, reserved 1048576K
}
Event: 1.091 GC heap before
{Heap before GC invocations=2 (full 0):
 PSYoungGen      total 37888K, used 36631K [0x00000000d6700000, 0x00000000d9100000, 0x0000000100000000)
  eden space 32768K, 98% used [0x00000000d6700000,0x00000000d8686710,0x00000000d8700000)
  from space 5120K, 84% used [0x00000000d8700000,0x00000000d8b3f610,0x00000000d8c00000)
  to   space 5120K, 0% used [0x00000000d8c00000,0x00000000d8c00000,0x00000000d9100000)
 ParOldGen       total 86016K, used 40424K [0x0000000083400000, 0x0000000088800000, 0x00000000d6700000)
  object space 86016K, 46% used [0x0000000083400000,0x0000000085b7a230,0x0000000088800000)
 Metaspace       used 12910K, capacity 13158K, committed 13312K, reserved 1064960K
  class space    used 1559K, capacity 1691K, committed 1792K, reserved 1048576K

